
<!DOCTYPE html>
<html>


<head>
	<meta charset='utf-8' /> 
	<meta name='description' content='' />
	<meta name='robots' content='noodp, noydir' />
	<meta name='viewport' content='width=device-width, initial-scale=1' />
	<meta id="timeStampFormat" name="timeStampFormat" content='MMM d, yyyy hh:mm:ss a'/>
	
	<link href='https://fonts.googleapis.com/css?family=Source+Sans+Pro:400,600' rel='stylesheet' type='text/css' />
	<link href="https://fonts.googleapis.com/icon?family=Material+Icons" rel="stylesheet" />

		<link href='https://cdn.rawgit.com/anshooarora/extentreports-java/b4a58fcfd1e137bd9287244035a7c80d3d73b3af/dist/css/extent.css' type='text/css' rel='stylesheet' />
	
	<title>C:\Users\arath\eclipse\com.kayak.cucumberjunit\TestReport\Kayak_Automaton_Report.html</title>

	<style type='text/css'>
	</style>
</head>

	<body class='extent standard default hide-overflow '>
		<div id='theme-selector' alt='Click to toggle theme. To enable by default, use theme configuration.' title='Click to toggle theme. To enable by default, use theme configuration.'>
			<span><i class='material-icons'>desktop_windows</i></span>
		</div>

<nav>
	<div class="nav-wrapper">
		<a href="#!" class="brand-logo blue darken-3">Extent</a>

		<!-- slideout menu -->
		<ul id='slide-out' class='side-nav fixed hide-on-med-and-down'>
			<li class='waves-effect active'><a href='#!' view='test-view' onclick="configureView(0);chartsView('test');"><i class='material-icons'>dashboard</i></a></li>
						<li class='waves-effect'><a href='#!' view='exception-view' onclick="configureView(2)"><i class='material-icons'>bug_report</i></a></li>
			<li class='waves-effect'><a href='#!' onclick="configureView(-1);chartsView('dashboard');" view='dashboard-view'><i class='material-icons'>track_changes</i></i></a></li>
		</ul>

		<!-- report name -->
		<span class='report-name'>C:\Users\arath\eclipse\com.kayak.cucumberjunit\TestReport\Kayak_Automaton_Report.html</span>
		
		<!-- report headline -->
		<span class='report-headline'></span>

		<!-- nav-right -->
		<ul id='nav-mobile' class='right hide-on-med-and-down nav-right'>
			<li>
                <a href='#!'>
                    <span class='label suite-start-time blue darken-3'>Jul 30, 2020 10:53:42 PM</span>
				</a>
			</li>
			<li>
                <a href='#!'>
                    <span class='label blue darken-3'>3.1.5</span>
				</a>
			</li>
		</ul>
	</div>
</nav>

		<!-- container -->
		<div class='container'>

<div id='test-view' class='view'>
				
	<section id='controls'>
		<div class='controls grey lighten-4'>
			<!-- test toggle -->
			<div class='chip transparent'>
				<a class='dropdown-button tests-toggle' data-activates='tests-toggle' data-constrainwidth='true' data-beloworigin='true' data-hover='true' href='#'>
					<i class='material-icons'>warning</i> Status
				</a>
				<ul id='tests-toggle' class='dropdown-content'>
											<li status='pass'><a href='#!'>Pass <i class='material-icons green-text'>check_circle</i></a></li>
						<li status='fail'><a href='#!'>Fail <i class='material-icons red-text'>cancel</i></a></li>
						<li status='skip'><a href='#!'>Skip <i class='material-icons cyan-text'>redo</i></a></li>
					<li class='divider'></li>
					<li status='clear' clear='true'><a href='#!'>Clear Filters <i class='material-icons'>clear</i></a></li>
				</ul>
			</div>
			<!-- test toggle -->

			<!-- category toggle -->
			<!-- category toggle -->

			<!-- clear filters -->
			<div class='chip transparent hide'>
				<a class='' id='clear-filters' alt='Clear Filters' title='Clear Filters'>
					<i class='material-icons'>close</i> Clear
				</a>
			</div>
			<!-- clear filters -->

			<!-- enable dashboard -->
			<div id='toggle-test-view-charts' class='chip transparent'>
				<a class='pink-text' id='enable-dashboard' alt='Enable Dashboard' title='Enable Dashboard'>
					<i class='material-icons'>track_changes</i> Dashboard
				</a>
			</div>
			<!-- enable dashboard -->

			<!-- search -->
			<div class='chip transparent' alt='Search Tests' title='Search Tests'>
				<a href="#" class='search-div'>
					<i class='material-icons'>search</i> Search
				</a>

				<div class='input-field left hide'>
					<input id='search-tests' type='text' class='validate browser-default' placeholder='Search Tests...'>
				</div>
				
			</div>
			<!-- search -->
		</div>
	</section>


	<div class='subview-left left'>
		
		<div class='view-summary'>
			<h5>Tests</h5>
			<ul id='test-collection' class='test-collection'>
				
				
				<li class='test displayed active  pass' status='pass' bdd='false' test-id='1'>
					<div class='test-heading'>
						<span class='test-name'>open_Browser</span>
						<span class='test-time'>Jul 30, 2020 10:53:50 PM</span>
						<span class='test-status right pass'>pass</span>
					</div>
					<div class='test-content hide'>
<div class='test-time-info'>
	<span class='label start-time'>Jul 30, 2020 10:53:50 PM</span>
	<span class='label end-time'>Jul 30, 2020 10:53:59 PM</span>
	<span class='label time-taken grey lighten-1 white-text'>0h 0m 8s+421ms</span>
</div>
	<div class='test-steps'>
		<table class='bordered table-results'>
			<thead>
				<tr>
					<th>Status</th>
					<th>Timestamp</th>
					<th>Details</th>
				</tr>
			</thead>
			<tbody>
				<tr class='log' status='pass'>
					<td class='status pass' title='pass' alt='pass'><i class='material-icons'>check_circle</i></td>
					<td class='timestamp'>10:53:55 PM</td>
					<td class='step-details'>Test passed</td>
				</tr>
				<tr class='log' status='pass'>
					<td class='status pass' title='pass' alt='pass'><i class='material-icons'>check_circle</i></td>
					<td class='timestamp'>10:53:59 PM</td>
					<td class='step-details'>Passedcom.aventstack.extentreports.ExtentTest@333dd51e</td>
				</tr>
			</tbody>
		</table>
	</div>
							<ul class='screenshots'>
								<li><img data-featherlight='C:\Users\arath\eclipse\com.kayak.cucumberjunit/screenshots/null_open_Browser.jpg' width='10%' src='C:\Users\arath\eclipse\com.kayak.cucumberjunit/screenshots/null_open_Browser.jpg' data-src='C:\Users\arath\eclipse\com.kayak.cucumberjunit/screenshots/null_open_Browser.jpg'></li>
							</ul>
					</div>
				</li>
				
				
				<li class='test displayed active  pass' status='pass' bdd='false' test-id='2'>
					<div class='test-heading'>
						<span class='test-name'>login_into_Kayak_application</span>
						<span class='test-time'>Jul 30, 2020 10:53:59 PM</span>
						<span class='test-status right pass'>pass</span>
					</div>
					<div class='test-content hide'>
<div class='test-time-info'>
	<span class='label start-time'>Jul 30, 2020 10:53:59 PM</span>
	<span class='label end-time'>Jul 30, 2020 10:54:11 PM</span>
	<span class='label time-taken grey lighten-1 white-text'>0h 0m 12s+645ms</span>
</div>
	<div class='test-steps'>
		<table class='bordered table-results'>
			<thead>
				<tr>
					<th>Status</th>
					<th>Timestamp</th>
					<th>Details</th>
				</tr>
			</thead>
			<tbody>
				<tr class='log' status='pass'>
					<td class='status pass' title='pass' alt='pass'><i class='material-icons'>check_circle</i></td>
					<td class='timestamp'>10:54:01 PM</td>
					<td class='step-details'>Test passed</td>
				</tr>
				<tr class='log' status='pass'>
					<td class='status pass' title='pass' alt='pass'><i class='material-icons'>check_circle</i></td>
					<td class='timestamp'>10:54:11 PM</td>
					<td class='step-details'>Passedcom.aventstack.extentreports.ExtentTest@1080b026</td>
				</tr>
			</tbody>
		</table>
	</div>
							<ul class='screenshots'>
								<li><img data-featherlight='C:\Users\arath\eclipse\com.kayak.cucumberjunit/screenshots/StepDefinitionForKayakFlightsSearch_login_into_Kayak_application.jpg' width='10%' src='C:\Users\arath\eclipse\com.kayak.cucumberjunit/screenshots/StepDefinitionForKayakFlightsSearch_login_into_Kayak_application.jpg' data-src='C:\Users\arath\eclipse\com.kayak.cucumberjunit/screenshots/StepDefinitionForKayakFlightsSearch_login_into_Kayak_application.jpg'></li>
							</ul>
					</div>
				</li>
				
				
				<li class='test displayed active  pass' status='pass' bdd='false' test-id='3'>
					<div class='test-heading'>
						<span class='test-name'>click_on_Flights_menu_item_tab_for_Search_For_flights_page_to_appear</span>
						<span class='test-time'>Jul 30, 2020 10:54:11 PM</span>
						<span class='test-status right pass'>pass</span>
					</div>
					<div class='test-content hide'>
<div class='test-time-info'>
	<span class='label start-time'>Jul 30, 2020 10:54:11 PM</span>
	<span class='label end-time'>Jul 30, 2020 10:54:25 PM</span>
	<span class='label time-taken grey lighten-1 white-text'>0h 0m 13s+377ms</span>
</div>
	<div class='test-steps'>
		<table class='bordered table-results'>
			<thead>
				<tr>
					<th>Status</th>
					<th>Timestamp</th>
					<th>Details</th>
				</tr>
			</thead>
			<tbody>
				<tr class='log' status='pass'>
					<td class='status pass' title='pass' alt='pass'><i class='material-icons'>check_circle</i></td>
					<td class='timestamp'>10:54:13 PM</td>
					<td class='step-details'>Test passed</td>
				</tr>
				<tr class='log' status='pass'>
					<td class='status pass' title='pass' alt='pass'><i class='material-icons'>check_circle</i></td>
					<td class='timestamp'>10:54:25 PM</td>
					<td class='step-details'>Passedcom.aventstack.extentreports.ExtentTest@15a902e7</td>
				</tr>
			</tbody>
		</table>
	</div>
							<ul class='screenshots'>
								<li><img data-featherlight='C:\Users\arath\eclipse\com.kayak.cucumberjunit/screenshots/StepDefinitionForKayakFlightsSearch_click_on_Flights_menu_item_tab_for_Search_For_flights_page_to_appear.jpg' width='10%' src='C:\Users\arath\eclipse\com.kayak.cucumberjunit/screenshots/StepDefinitionForKayakFlightsSearch_click_on_Flights_menu_item_tab_for_Search_For_flights_page_to_appear.jpg' data-src='C:\Users\arath\eclipse\com.kayak.cucumberjunit/screenshots/StepDefinitionForKayakFlightsSearch_click_on_Flights_menu_item_tab_for_Search_For_flights_page_to_appear.jpg'></li>
							</ul>
					</div>
				</li>
				
				
				<li class='test displayed active  pass' status='pass' bdd='false' test-id='4'>
					<div class='test-heading'>
						<span class='test-name'>verify_Search_for_Flight_Page_is_displayed_or_Not_successfully</span>
						<span class='test-time'>Jul 30, 2020 10:54:25 PM</span>
						<span class='test-status right pass'>pass</span>
					</div>
					<div class='test-content hide'>
<div class='test-time-info'>
	<span class='label start-time'>Jul 30, 2020 10:54:25 PM</span>
	<span class='label end-time'>Jul 30, 2020 10:54:37 PM</span>
	<span class='label time-taken grey lighten-1 white-text'>0h 0m 12s+664ms</span>
</div>
	<div class='test-steps'>
		<table class='bordered table-results'>
			<thead>
				<tr>
					<th>Status</th>
					<th>Timestamp</th>
					<th>Details</th>
				</tr>
			</thead>
			<tbody>
				<tr class='log' status='pass'>
					<td class='status pass' title='pass' alt='pass'><i class='material-icons'>check_circle</i></td>
					<td class='timestamp'>10:54:25 PM</td>
					<td class='step-details'>Test passed</td>
				</tr>
				<tr class='log' status='pass'>
					<td class='status pass' title='pass' alt='pass'><i class='material-icons'>check_circle</i></td>
					<td class='timestamp'>10:54:37 PM</td>
					<td class='step-details'>Passedcom.aventstack.extentreports.ExtentTest@51768776</td>
				</tr>
			</tbody>
		</table>
	</div>
							<ul class='screenshots'>
								<li><img data-featherlight='C:\Users\arath\eclipse\com.kayak.cucumberjunit/screenshots/StepDefinitionForKayakFlightsSearch_verify_Search_for_Flight_Page_is_displayed_or_Not_successfully.jpg' width='10%' src='C:\Users\arath\eclipse\com.kayak.cucumberjunit/screenshots/StepDefinitionForKayakFlightsSearch_verify_Search_for_Flight_Page_is_displayed_or_Not_successfully.jpg' data-src='C:\Users\arath\eclipse\com.kayak.cucumberjunit/screenshots/StepDefinitionForKayakFlightsSearch_verify_Search_for_Flight_Page_is_displayed_or_Not_successfully.jpg'></li>
							</ul>
					</div>
				</li>
				
				
				<li class='test displayed active  fail' status='fail' bdd='false' test-id='5'>
					<div class='test-heading'>
						<span class='test-name'>remove_and_clear_the_selected_travel_Origin_and_Destination_Cities</span>
						<span class='test-time'>Jul 30, 2020 10:54:37 PM</span>
						<span class='test-status right fail'>fail</span>
					</div>
					<div class='test-content hide'>
<div class='test-time-info'>
	<span class='label start-time'>Jul 30, 2020 10:54:37 PM</span>
	<span class='label end-time'>Jul 30, 2020 10:55:05 PM</span>
	<span class='label time-taken grey lighten-1 white-text'>0h 0m 28s+77ms</span>
</div>
	<div class='test-steps'>
		<table class='bordered table-results'>
			<thead>
				<tr>
					<th>Status</th>
					<th>Timestamp</th>
					<th>Details</th>
				</tr>
			</thead>
			<tbody>
				<tr class='log' status='fail'>
					<td class='status fail' title='fail' alt='fail'><i class='material-icons'>cancel</i></td>
					<td class='timestamp'>10:54:39 PM</td>
					<td class='step-details'><textarea>org.openqa.selenium.ElementClickInterceptedException: element click intercepted: Element <button type="button" tabindex="-1" aria-label="" class="Button-No-Standard-Style js-remove-selection _iae _h-Y">...</button> is not clickable at point (274, 8). Other element would receive the click: <div class="col _jo0 _iad _A _iae _h-- _Zb _iaa _Zf _icy _ic9 _jpe _iaX _jpf _iaS _icu _iaU _icx _ia0 _ibr _ics _joX _h-8 _Y2 _z">...</div>
  (Session info: chrome=84.0.4147.89)
Build info: version: '3.141.5', revision: 'd54ebd709a', time: '2018-11-06T11:42:16'
System info: host: 'LAPTOP-DQ25KTNT', ip: '192.168.0.41', os.name: 'Windows 10', os.arch: 'amd64', os.version: '10.0', java.version: '1.8.0_241'
Driver info: org.openqa.selenium.chrome.ChromeDriver
Capabilities {acceptInsecureCerts: false, browserName: chrome, browserVersion: 84.0.4147.89, chrome: {chromedriverVersion: 84.0.4147.30 (48b3e868b4cc0..., userDataDir: C:\Users\arath\AppData\Loca...}, goog:chromeOptions: {debuggerAddress: localhost:58075}, javascriptEnabled: true, networkConnectionEnabled: false, pageLoadStrategy: normal, platform: WINDOWS, platformName: WINDOWS, proxy: Proxy(), setWindowRect: true, strictFileInteractability: false, timeouts: {implicit: 0, pageLoad: 300000, script: 30000}, unhandledPromptBehavior: dismiss and notify, webauthn:virtualAuthenticators: true}
Session ID: a91c2c0ef20b651a6b975cf76ddc38bb
	at sun.reflect.NativeConstructorAccessorImpl.newInstance0(Native Method)
	at sun.reflect.NativeConstructorAccessorImpl.newInstance(Unknown Source)
	at sun.reflect.DelegatingConstructorAccessorImpl.newInstance(Unknown Source)
	at java.lang.reflect.Constructor.newInstance(Unknown Source)
	at org.openqa.selenium.remote.http.W3CHttpResponseCodec.createException(W3CHttpResponseCodec.java:187)
	at org.openqa.selenium.remote.http.W3CHttpResponseCodec.decode(W3CHttpResponseCodec.java:122)
	at org.openqa.selenium.remote.http.W3CHttpResponseCodec.decode(W3CHttpResponseCodec.java:49)
	at org.openqa.selenium.remote.HttpCommandExecutor.execute(HttpCommandExecutor.java:158)
	at org.openqa.selenium.remote.service.DriverCommandExecutor.execute(DriverCommandExecutor.java:83)
	at org.openqa.selenium.remote.RemoteWebDriver.execute(RemoteWebDriver.java:552)
	at org.openqa.selenium.remote.RemoteWebElement.execute(RemoteWebElement.java:285)
	at org.openqa.selenium.remote.RemoteWebElement.click(RemoteWebElement.java:84)
	at sun.reflect.NativeMethodAccessorImpl.invoke0(Native Method)
	at sun.reflect.NativeMethodAccessorImpl.invoke(Unknown Source)
	at sun.reflect.DelegatingMethodAccessorImpl.invoke(Unknown Source)
	at java.lang.reflect.Method.invoke(Unknown Source)
	at org.openqa.selenium.support.pagefactory.internal.LocatingElementHandler.invoke(LocatingElementHandler.java:51)
	at com.sun.proxy.$Proxy15.click(Unknown Source)
	at com.kayak.utilities.BrowserUtilities.ufClick(BrowserUtilities.java:250)
	at com.kayak.POM.poKayakFlightsSearch.clearOrginAndDestinationCities(poKayakFlightsSearch.java:88)
	at com.kayak.stepdefinition.StepDefinitionForKayakFlightsSearch.remove_and_clear_the_selected_travel_Origin_and_Destination_Cities(StepDefinitionForKayakFlightsSearch.java:52)
	at sun.reflect.NativeMethodAccessorImpl.invoke0(Native Method)
	at sun.reflect.NativeMethodAccessorImpl.invoke(Unknown Source)
	at sun.reflect.DelegatingMethodAccessorImpl.invoke(Unknown Source)
	at java.lang.reflect.Method.invoke(Unknown Source)
	at org.testng.internal.MethodInvocationHelper.invokeMethod(MethodInvocationHelper.java:104)
	at org.testng.internal.Invoker.invokeMethod(Invoker.java:645)
	at org.testng.internal.Invoker.invokeTestMethod(Invoker.java:851)
	at org.testng.internal.Invoker.invokeTestMethods(Invoker.java:1177)
	at org.testng.internal.TestMethodWorker.invokeTestMethods(TestMethodWorker.java:129)
	at org.testng.internal.TestMethodWorker.run(TestMethodWorker.java:112)
	at org.testng.TestRunner.privateRun(TestRunner.java:756)
	at org.testng.TestRunner.run(TestRunner.java:610)
	at org.testng.SuiteRunner.runTest(SuiteRunner.java:387)
	at org.testng.SuiteRunner.runSequentially(SuiteRunner.java:382)
	at org.testng.SuiteRunner.privateRun(SuiteRunner.java:340)
	at org.testng.SuiteRunner.run(SuiteRunner.java:289)
	at org.testng.SuiteRunnerWorker.runSuite(SuiteRunnerWorker.java:52)
	at org.testng.SuiteRunnerWorker.run(SuiteRunnerWorker.java:86)
	at org.testng.TestNG.runSuitesSequentially(TestNG.java:1293)
	at org.testng.TestNG.runSuitesLocally(TestNG.java:1218)
	at org.testng.TestNG.runSuites(TestNG.java:1133)
	at org.testng.TestNG.run(TestNG.java:1104)
	at org.testng.remote.AbstractRemoteTestNG.run(AbstractRemoteTestNG.java:114)
	at org.testng.remote.RemoteTestNG.initAndRun(RemoteTestNG.java:251)
	at org.testng.remote.RemoteTestNG.main(RemoteTestNG.java:77)
</textarea></td>
				</tr>
				<tr class='log' status='fail'>
					<td class='status fail' title='fail' alt='fail'><i class='material-icons'>cancel</i></td>
					<td class='timestamp'>10:54:52 PM</td>
					<td class='step-details'>Failedcom.aventstack.extentreports.ExtentTest@66f66866</td>
				</tr>
				<tr class='log' status='skip'>
					<td class='status skip' title='skip' alt='skip'><i class='material-icons'>redo</i></td>
					<td class='timestamp'>10:54:52 PM</td>
					<td class='step-details'><pre>java.lang.RuntimeException: java.lang.NullPointerException
	at org.testng.internal.MethodInvocationHelper.invokeMethodNoCheckedException(MethodInvocationHelper.java:49)
	at org.testng.internal.MethodInvocationHelper.invokeDataProvider(MethodInvocationHelper.java:111)
	at org.testng.internal.Parameters.handleParameters(Parameters.java:509)
	at org.testng.internal.Invoker.handleParameters(Invoker.java:1293)
	at org.testng.internal.Invoker.createParameters(Invoker.java:1020)
	at org.testng.internal.Invoker.invokeTestMethods(Invoker.java:1110)
	at org.testng.internal.TestMethodWorker.invokeTestMethods(TestMethodWorker.java:129)
	at org.testng.internal.TestMethodWorker.run(TestMethodWorker.java:112)
	at org.testng.TestRunner.privateRun(TestRunner.java:756)
	at org.testng.TestRunner.run(TestRunner.java:610)
	at org.testng.SuiteRunner.runTest(SuiteRunner.java:387)
	at org.testng.SuiteRunner.runSequentially(SuiteRunner.java:382)
	at org.testng.SuiteRunner.privateRun(SuiteRunner.java:340)
	at org.testng.SuiteRunner.run(SuiteRunner.java:289)
	at org.testng.SuiteRunnerWorker.runSuite(SuiteRunnerWorker.java:52)
	at org.testng.SuiteRunnerWorker.run(SuiteRunnerWorker.java:86)
	at org.testng.TestNG.runSuitesSequentially(TestNG.java:1293)
	at org.testng.TestNG.runSuitesLocally(TestNG.java:1218)
	at org.testng.TestNG.runSuites(TestNG.java:1133)
	at org.testng.TestNG.run(TestNG.java:1104)
	at org.testng.remote.AbstractRemoteTestNG.run(AbstractRemoteTestNG.java:114)
	at org.testng.remote.RemoteTestNG.initAndRun(RemoteTestNG.java:251)
	at org.testng.remote.RemoteTestNG.main(RemoteTestNG.java:77)
Caused by: java.lang.NullPointerException
	at com.kayak.utilities.TestDataManager.getExcelData(TestDataManager.java:53)
	at com.kayak.stepdefinition.StepDefinitionForKayakFlightsSearch.testdataForKayakFlightsSearch(StepDefinitionForKayakFlightsSearch.java:68)
	at sun.reflect.NativeMethodAccessorImpl.invoke0(Native Method)
	at sun.reflect.NativeMethodAccessorImpl.invoke(Unknown Source)
	at sun.reflect.DelegatingMethodAccessorImpl.invoke(Unknown Source)
	at java.lang.reflect.Method.invoke(Unknown Source)
	at org.testng.internal.MethodInvocationHelper.invokeMethod(MethodInvocationHelper.java:104)
	at org.testng.internal.MethodInvocationHelper.invokeMethod(MethodInvocationHelper.java:55)
	at org.testng.internal.MethodInvocationHelper.invokeMethodNoCheckedException(MethodInvocationHelper.java:45)
	... 22 more
</pre></td>
				</tr>
				<tr class='log' status='skip'>
					<td class='status skip' title='skip' alt='skip'><i class='material-icons'>redo</i></td>
					<td class='timestamp'>10:55:05 PM</td>
					<td class='step-details'>SKIP: com.aventstack.extentreports.ExtentTest@66f66866</td>
				</tr>
			</tbody>
		</table>
	</div>
							<ul class='screenshots'>
								<li><img data-featherlight='C:\Users\arath\eclipse\com.kayak.cucumberjunit/screenshots/StepDefinitionForKayakFlightsSearch_remove_and_clear_the_selected_travel_Origin_and_Destination_Cities.jpg' width='10%' src='C:\Users\arath\eclipse\com.kayak.cucumberjunit/screenshots/StepDefinitionForKayakFlightsSearch_remove_and_clear_the_selected_travel_Origin_and_Destination_Cities.jpg' data-src='C:\Users\arath\eclipse\com.kayak.cucumberjunit/screenshots/StepDefinitionForKayakFlightsSearch_remove_and_clear_the_selected_travel_Origin_and_Destination_Cities.jpg'></li>
								<li><img data-featherlight='C:\Users\arath\eclipse\com.kayak.cucumberjunit/screenshots/StepDefinitionForKayakFlightsSearch_enter_travel_Origin_and_Destination_Cities.jpg' width='10%' src='C:\Users\arath\eclipse\com.kayak.cucumberjunit/screenshots/StepDefinitionForKayakFlightsSearch_enter_travel_Origin_and_Destination_Cities.jpg' data-src='C:\Users\arath\eclipse\com.kayak.cucumberjunit/screenshots/StepDefinitionForKayakFlightsSearch_enter_travel_Origin_and_Destination_Cities.jpg'></li>
							</ul>
					</div>
				</li>
			</ul>
		</div>
	</div>
	<!-- subview left -->

	<div class='subview-right left'>
		<div class='view-summary'>
			<h5 class='test-name'></h5>

			<div id='step-filters' class="right">
				<span class="blue-text" status="info" alt="info" title="info"><i class="material-icons">info_outline</i></span>
				<span class="green-text" status="pass" alt="pass" title="pass"><i class="material-icons">check_circle</i></span>
				<span class="red-text" status="fail" alt="fail" title="fail"><i class="material-icons">cancel</i></span>
				<span class="red-text text-darken-4" status="fatal" alt="fatal" title="fatal"><i class="material-icons">cancel</i></span>
				<span class="pink-text text-lighten-1" status="error" alt="error" title="error"><i class="material-icons">error</i></span>
				<span class="orange-text" alt="warning" status="warning" title="warning"><i class="material-icons">warning</i></span>
				<span class="teal-text" status="skip" alt="skip" title="skip"><i class="material-icons">redo</i></span>
				<span status="clear" alt="Clear filters" title="Clear filters"><i class="material-icons">clear</i></span>
			</div>
		</div>
	</div>
	<!-- subview right -->


<div id='test-view-charts' class='subview-full'>
	<div id='charts-row' class='row nm-v nm-h'>
		<div class='col s12 m6 l6 np-h'>
			<div class='card-panel nm-v'>
				<div class='left panel-name'>Tests</div>
				<div class='chart-box'>
					<canvas id='parent-analysis' width='100' height='80'></canvas>
				</div>
				<div class='block text-small'>
					<span class='tooltipped' data-position='top' data-tooltip='80%'><span class='strong'>4</span> test(s) passed</span>
				</div>
				<div class='block text-small'>
					<span class='strong tooltipped' data-position='top' data-tooltip='20%'>1</span> test(s) failed, <span class='strong tooltipped' data-position='top' data-tooltip='0%'>0</span> others
				</div>
			</div>
		</div>
		
		<div class='col s12 m6 l6 np-h'>
			<div class='card-panel nm-v'>
				<div class='left panel-name'>Steps</div>
				<div class='chart-box'>
					<canvas id='child-analysis' width='100' height='80'></canvas>
				</div>
				<div class='block text-small'>
					<span class='tooltipped' data-position='top' data-tooltip='66.667%'><span class='strong'>8</span> step(s) passed</span>
				</div>
				<div class='block text-small'>
					<span class='strong tooltipped' data-position='top' data-tooltip='16.667%'>2</span> step(s) failed, <span class='strong tooltipped' data-position='top' data-tooltip='16.667%'>2</span> others
				</div>
			</div>
		</div>
		
	</div>
</div>
</div>
<!-- test view -->
<!-- category view -->
<div id='exception-view' class='view hide'>

    <section id='controls'>
        <div class='controls grey lighten-4'>
            <!-- search -->
            <div class='chip transparent' alt='Search Tests' title='Search Tests'>
                <a href="#" class='search-div'>
                    <i class='material-icons'>search</i> Search
                </a>

                <div class='input-field left hide'>
                    <input id='search-tests' type='text' class='validate browser-default' placeholder='Search Tests...'>
                </div>

            </div>
            <!-- search -->
        </div>
    </section>

    <div class='subview-left left'>

        <div class='view-summary'>
            <h5>Exceptions</h3>
                <ul id='exception-collection' class='exception-collection'>

                        <li class='exception displayed active'>
                            <div class='exception-heading'>
                                <span class='exception-name'>org.openqa.selenium.ElementClickInterceptedException</span>
                                <span class='exception-count right'><span class='label red lighten-1 white-text'>1</span></span>
                            </div>
                            <div class='exception-content hide'>
                                <div class='exception-tests'>
                                    <table class='bordered table-results'>
                                        <thead>
                                        <tr>
                                            <th>Timestamp</th>
                                            <th>TestName</th>
                                            <th>Status</th>
                                        </tr>
                                        </thead>
                                        <tbody>
                                                    <tr>
                                                        <td>Jul 30, 2020 10:54:37 PM</td>
                                                        <td class='linked' test-id='5'>remove_and_clear_the_selected_travel_Origin_and_Destination_Cities</td>
                                                        <td><pre><textarea>org.openqa.selenium.ElementClickInterceptedException: element click intercepted: Element <button type="button" tabindex="-1" aria-label="" class="Button-No-Standard-Style js-remove-selection _iae _h-Y">...</button> is not clickable at point (274, 8). Other element would receive the click: <div class="col _jo0 _iad _A _iae _h-- _Zb _iaa _Zf _icy _ic9 _jpe _iaX _jpf _iaS _icu _iaU _icx _ia0 _ibr _ics _joX _h-8 _Y2 _z">...</div>
  (Session info: chrome=84.0.4147.89)
Build info: version: '3.141.5', revision: 'd54ebd709a', time: '2018-11-06T11:42:16'
System info: host: 'LAPTOP-DQ25KTNT', ip: '192.168.0.41', os.name: 'Windows 10', os.arch: 'amd64', os.version: '10.0', java.version: '1.8.0_241'
Driver info: org.openqa.selenium.chrome.ChromeDriver
Capabilities {acceptInsecureCerts: false, browserName: chrome, browserVersion: 84.0.4147.89, chrome: {chromedriverVersion: 84.0.4147.30 (48b3e868b4cc0..., userDataDir: C:\Users\arath\AppData\Loca...}, goog:chromeOptions: {debuggerAddress: localhost:58075}, javascriptEnabled: true, networkConnectionEnabled: false, pageLoadStrategy: normal, platform: WINDOWS, platformName: WINDOWS, proxy: Proxy(), setWindowRect: true, strictFileInteractability: false, timeouts: {implicit: 0, pageLoad: 300000, script: 30000}, unhandledPromptBehavior: dismiss and notify, webauthn:virtualAuthenticators: true}
Session ID: a91c2c0ef20b651a6b975cf76ddc38bb
	at sun.reflect.NativeConstructorAccessorImpl.newInstance0(Native Method)
	at sun.reflect.NativeConstructorAccessorImpl.newInstance(Unknown Source)
	at sun.reflect.DelegatingConstructorAccessorImpl.newInstance(Unknown Source)
	at java.lang.reflect.Constructor.newInstance(Unknown Source)
	at org.openqa.selenium.remote.http.W3CHttpResponseCodec.createException(W3CHttpResponseCodec.java:187)
	at org.openqa.selenium.remote.http.W3CHttpResponseCodec.decode(W3CHttpResponseCodec.java:122)
	at org.openqa.selenium.remote.http.W3CHttpResponseCodec.decode(W3CHttpResponseCodec.java:49)
	at org.openqa.selenium.remote.HttpCommandExecutor.execute(HttpCommandExecutor.java:158)
	at org.openqa.selenium.remote.service.DriverCommandExecutor.execute(DriverCommandExecutor.java:83)
	at org.openqa.selenium.remote.RemoteWebDriver.execute(RemoteWebDriver.java:552)
	at org.openqa.selenium.remote.RemoteWebElement.execute(RemoteWebElement.java:285)
	at org.openqa.selenium.remote.RemoteWebElement.click(RemoteWebElement.java:84)
	at sun.reflect.NativeMethodAccessorImpl.invoke0(Native Method)
	at sun.reflect.NativeMethodAccessorImpl.invoke(Unknown Source)
	at sun.reflect.DelegatingMethodAccessorImpl.invoke(Unknown Source)
	at java.lang.reflect.Method.invoke(Unknown Source)
	at org.openqa.selenium.support.pagefactory.internal.LocatingElementHandler.invoke(LocatingElementHandler.java:51)
	at com.sun.proxy.$Proxy15.click(Unknown Source)
	at com.kayak.utilities.BrowserUtilities.ufClick(BrowserUtilities.java:250)
	at com.kayak.POM.poKayakFlightsSearch.clearOrginAndDestinationCities(poKayakFlightsSearch.java:88)
	at com.kayak.stepdefinition.StepDefinitionForKayakFlightsSearch.remove_and_clear_the_selected_travel_Origin_and_Destination_Cities(StepDefinitionForKayakFlightsSearch.java:52)
	at sun.reflect.NativeMethodAccessorImpl.invoke0(Native Method)
	at sun.reflect.NativeMethodAccessorImpl.invoke(Unknown Source)
	at sun.reflect.DelegatingMethodAccessorImpl.invoke(Unknown Source)
	at java.lang.reflect.Method.invoke(Unknown Source)
	at org.testng.internal.MethodInvocationHelper.invokeMethod(MethodInvocationHelper.java:104)
	at org.testng.internal.Invoker.invokeMethod(Invoker.java:645)
	at org.testng.internal.Invoker.invokeTestMethod(Invoker.java:851)
	at org.testng.internal.Invoker.invokeTestMethods(Invoker.java:1177)
	at org.testng.internal.TestMethodWorker.invokeTestMethods(TestMethodWorker.java:129)
	at org.testng.internal.TestMethodWorker.run(TestMethodWorker.java:112)
	at org.testng.TestRunner.privateRun(TestRunner.java:756)
	at org.testng.TestRunner.run(TestRunner.java:610)
	at org.testng.SuiteRunner.runTest(SuiteRunner.java:387)
	at org.testng.SuiteRunner.runSequentially(SuiteRunner.java:382)
	at org.testng.SuiteRunner.privateRun(SuiteRunner.java:340)
	at org.testng.SuiteRunner.run(SuiteRunner.java:289)
	at org.testng.SuiteRunnerWorker.runSuite(SuiteRunnerWorker.java:52)
	at org.testng.SuiteRunnerWorker.run(SuiteRunnerWorker.java:86)
	at org.testng.TestNG.runSuitesSequentially(TestNG.java:1293)
	at org.testng.TestNG.runSuitesLocally(TestNG.java:1218)
	at org.testng.TestNG.runSuites(TestNG.java:1133)
	at org.testng.TestNG.run(TestNG.java:1104)
	at org.testng.remote.AbstractRemoteTestNG.run(AbstractRemoteTestNG.java:114)
	at org.testng.remote.RemoteTestNG.initAndRun(RemoteTestNG.java:251)
	at org.testng.remote.RemoteTestNG.main(RemoteTestNG.java:77)
</textarea></pre></td>
                                                    </tr>
                                        </tbody>
                                    </table>
                                </div>
                            </div>
                        </li>
                        <li class='exception displayed active'>
                            <div class='exception-heading'>
                                <span class='exception-name'>java.lang.RuntimeException</span>
                                <span class='exception-count right'><span class='label red lighten-1 white-text'>1</span></span>
                            </div>
                            <div class='exception-content hide'>
                                <div class='exception-tests'>
                                    <table class='bordered table-results'>
                                        <thead>
                                        <tr>
                                            <th>Timestamp</th>
                                            <th>TestName</th>
                                            <th>Status</th>
                                        </tr>
                                        </thead>
                                        <tbody>
                                                    <tr>
                                                        <td>Jul 30, 2020 10:54:37 PM</td>
                                                        <td class='linked' test-id='5'>remove_and_clear_the_selected_travel_Origin_and_Destination_Cities</td>
                                                        <td><pre><pre>java.lang.RuntimeException: java.lang.NullPointerException
	at org.testng.internal.MethodInvocationHelper.invokeMethodNoCheckedException(MethodInvocationHelper.java:49)
	at org.testng.internal.MethodInvocationHelper.invokeDataProvider(MethodInvocationHelper.java:111)
	at org.testng.internal.Parameters.handleParameters(Parameters.java:509)
	at org.testng.internal.Invoker.handleParameters(Invoker.java:1293)
	at org.testng.internal.Invoker.createParameters(Invoker.java:1020)
	at org.testng.internal.Invoker.invokeTestMethods(Invoker.java:1110)
	at org.testng.internal.TestMethodWorker.invokeTestMethods(TestMethodWorker.java:129)
	at org.testng.internal.TestMethodWorker.run(TestMethodWorker.java:112)
	at org.testng.TestRunner.privateRun(TestRunner.java:756)
	at org.testng.TestRunner.run(TestRunner.java:610)
	at org.testng.SuiteRunner.runTest(SuiteRunner.java:387)
	at org.testng.SuiteRunner.runSequentially(SuiteRunner.java:382)
	at org.testng.SuiteRunner.privateRun(SuiteRunner.java:340)
	at org.testng.SuiteRunner.run(SuiteRunner.java:289)
	at org.testng.SuiteRunnerWorker.runSuite(SuiteRunnerWorker.java:52)
	at org.testng.SuiteRunnerWorker.run(SuiteRunnerWorker.java:86)
	at org.testng.TestNG.runSuitesSequentially(TestNG.java:1293)
	at org.testng.TestNG.runSuitesLocally(TestNG.java:1218)
	at org.testng.TestNG.runSuites(TestNG.java:1133)
	at org.testng.TestNG.run(TestNG.java:1104)
	at org.testng.remote.AbstractRemoteTestNG.run(AbstractRemoteTestNG.java:114)
	at org.testng.remote.RemoteTestNG.initAndRun(RemoteTestNG.java:251)
	at org.testng.remote.RemoteTestNG.main(RemoteTestNG.java:77)
Caused by: java.lang.NullPointerException
	at com.kayak.utilities.TestDataManager.getExcelData(TestDataManager.java:53)
	at com.kayak.stepdefinition.StepDefinitionForKayakFlightsSearch.testdataForKayakFlightsSearch(StepDefinitionForKayakFlightsSearch.java:68)
	at sun.reflect.NativeMethodAccessorImpl.invoke0(Native Method)
	at sun.reflect.NativeMethodAccessorImpl.invoke(Unknown Source)
	at sun.reflect.DelegatingMethodAccessorImpl.invoke(Unknown Source)
	at java.lang.reflect.Method.invoke(Unknown Source)
	at org.testng.internal.MethodInvocationHelper.invokeMethod(MethodInvocationHelper.java:104)
	at org.testng.internal.MethodInvocationHelper.invokeMethod(MethodInvocationHelper.java:55)
	at org.testng.internal.MethodInvocationHelper.invokeMethodNoCheckedException(MethodInvocationHelper.java:45)
	... 22 more
</pre></pre></td>
                                                    </tr>
                                        </tbody>
                                    </table>
                                </div>
                            </div>
                        </li>
                </ul>
        </div>
    </div>

    <div class='subview-right left'>
        <div class='view-summary'>
            <h5 class='exception-name'></h5>
        </div>
    </div>
</div>
<!-- exception view -->
<div id='dashboard-view' class='view hide'>
	<div class='card-panel transparent np-v'>
		<h5>Dashboard</h5>

		<div class='row'>
			<div class='col s2'>
				<div class='card-panel r'>
					Tests
					<div class='panel-lead'>5</div>
				</div>
			</div>
			<div class='col s2'>
				<div class='card-panel r'>
					Steps
					<div class='panel-lead'>12</div>
				</div>
			</div>
			<div class='col s2'>
				<div class='card-panel r'>
					Start
					<div class='panel-lead'>Jul 30, 2020 10:53:42 PM</div>
				</div>
			</div>
			<div class='col s2'>
				<div class='card-panel r'>
			 		End
			 		<div class='panel-lead'>Jul 30, 2020 10:55:05 PM</div>
				</div>
			</div>
			<div class='col s2'>
				<div class='card-panel r'>
					Time Taken
					<div class='panel-lead'>0h 1m 22s+925ms</div>
				</div>
			</div>
		</div>
	</div>
</div>
<!-- dashboard view -->
<!-- testrunner-logs view -->
		</div>
		<!-- container -->

		<script>
			var statusGroup = {
				passParent: 4,
				failParent: 1,
				fatalParent: 0,
				errorParent: 0,
				warningParent: 0,
				skipParent: 0,
				exceptionsParent: 1,
				
				passChild: 8,
				failChild: 2,
				fatalChild: 0,
				errorChild: 0,
				warningChild: 0,
				skipChild: 2,
				infoChild: 0,
				exceptionsChild: 4,
				
				passGrandChild: 0,
				failGrandChild: 0,
				fatalGrandChild: 0,
				errorGrandChild: 0,
				warningGrandChild: 0,
				skipGrandChild: 0,
				infoGrandChild: 0,
				exceptionsGrandChild: 0,
			};
		</script>
		
			<script src='https://cdn.rawgit.com/anshooarora/extentreports-java/fca20fb7653aade98810546ab96a2a4360e3e712/dist/js/extent.js' type='text/javascript'></script>
		
		
 		<script type='text/javascript'>
 		</script>
	</body>
	
</html>
