<?xml version="1.0" encoding="UTF-8"?>
<!-- Generated by org.testng.reporters.JUnitReportReporter -->
<testsuite name="com.kayak.stepdefinition.StepDefinitionForKayakFlightsSearch" tests="6" time="11.742" ignored="0" failures="0" timestamp="31 Jul 2020 04:55:07 GMT" skipped="1" hostname="LAPTOP-DQ25KTNT" errors="1">
  <testcase name="open_Browser" time="5.344" classname="com.kayak.stepdefinition.StepDefinitionForKayakFlightsSearch"/>
  <testcase name="verify_Search_for_Flight_Page_is_displayed_or_Not_successfully" time="0.084" classname="com.kayak.stepdefinition.StepDefinitionForKayakFlightsSearch"/>
  <testcase name="remove_and_clear_the_selected_travel_Origin_and_Destination_Cities" time="1.447" classname="com.kayak.stepdefinition.StepDefinitionForKayakFlightsSearch">
    <error type="org.openqa.selenium.ElementClickInterceptedException" message="element click intercepted: Element &lt;button type=&quot;button&quot; tabindex=&quot;-1&quot; aria-label=&quot;&quot; class=&quot;Button-No-Standard-Style js-remove-selection _iae _h-Y&quot;&gt;...&lt;/button&gt; is not clickable at point (274, 8). Other element would receive the click: &lt;div class=&quot;col _jo0 _iad _A _iae _h-- _Zb _iaa _Zf _icy _ic9 _jpe _iaX _jpf _iaS _icu _iaU _icx _ia0 _ibr _ics _joX _h-8 _Y2 _z&quot;&gt;...&lt;/div&gt;
  (Session info: chrome=84.0.4147.89)
Build info: version: &#039;3.141.5&#039;, revision: &#039;d54ebd709a&#039;, time: &#039;2018-11-06T11:42:16&#039;
System info: host: &#039;LAPTOP-DQ25KTNT&#039;, ip: &#039;192.168.0.41&#039;, os.name: &#039;Windows 10&#039;, os.arch: &#039;amd64&#039;, os.version: &#039;10.0&#039;, java.version: &#039;1.8.0_241&#039;
Driver info: org.openqa.selenium.chrome.ChromeDriver
Capabilities {acceptInsecureCerts: false, browserName: chrome, browserVersion: 84.0.4147.89, chrome: {chromedriverVersion: 84.0.4147.30 (48b3e868b4cc0..., userDataDir: C:\Users\arath\AppData\Loca...}, goog:chromeOptions: {debuggerAddress: localhost:58075}, javascriptEnabled: true, networkConnectionEnabled: false, pageLoadStrategy: normal, platform: WINDOWS, platformName: WINDOWS, proxy: Proxy(), setWindowRect: true, strictFileInteractability: false, timeouts: {implicit: 0, pageLoad: 300000, script: 30000}, unhandledPromptBehavior: dismiss and notify, webauthn:virtualAuthenticators: true}
Session ID: a91c2c0ef20b651a6b975cf76ddc38bb">
      <![CDATA[org.openqa.selenium.ElementClickInterceptedException: element click intercepted: Element <button type="button" tabindex="-1" aria-label="" class="Button-No-Standard-Style js-remove-selection _iae _h-Y">...</button> is not clickable at point (274, 8). Other element would receive the click: <div class="col _jo0 _iad _A _iae _h-- _Zb _iaa _Zf _icy _ic9 _jpe _iaX _jpf _iaS _icu _iaU _icx _ia0 _ibr _ics _joX _h-8 _Y2 _z">...</div>
  (Session info: chrome=84.0.4147.89)
Build info: version: '3.141.5', revision: 'd54ebd709a', time: '2018-11-06T11:42:16'
System info: host: 'LAPTOP-DQ25KTNT', ip: '192.168.0.41', os.name: 'Windows 10', os.arch: 'amd64', os.version: '10.0', java.version: '1.8.0_241'
Driver info: org.openqa.selenium.chrome.ChromeDriver
Capabilities {acceptInsecureCerts: false, browserName: chrome, browserVersion: 84.0.4147.89, chrome: {chromedriverVersion: 84.0.4147.30 (48b3e868b4cc0..., userDataDir: C:\Users\arath\AppData\Loca...}, goog:chromeOptions: {debuggerAddress: localhost:58075}, javascriptEnabled: true, networkConnectionEnabled: false, pageLoadStrategy: normal, platform: WINDOWS, platformName: WINDOWS, proxy: Proxy(), setWindowRect: true, strictFileInteractability: false, timeouts: {implicit: 0, pageLoad: 300000, script: 30000}, unhandledPromptBehavior: dismiss and notify, webauthn:virtualAuthenticators: true}
Session ID: a91c2c0ef20b651a6b975cf76ddc38bb
	at sun.reflect.NativeConstructorAccessorImpl.newInstance0(Native Method)
	at sun.reflect.NativeConstructorAccessorImpl.newInstance(Unknown Source)
	at sun.reflect.DelegatingConstructorAccessorImpl.newInstance(Unknown Source)
	at java.lang.reflect.Constructor.newInstance(Unknown Source)
	at org.openqa.selenium.remote.http.W3CHttpResponseCodec.createException(W3CHttpResponseCodec.java:187)
	at org.openqa.selenium.remote.http.W3CHttpResponseCodec.decode(W3CHttpResponseCodec.java:122)
	at org.openqa.selenium.remote.http.W3CHttpResponseCodec.decode(W3CHttpResponseCodec.java:49)
	at org.openqa.selenium.remote.HttpCommandExecutor.execute(HttpCommandExecutor.java:158)
	at org.openqa.selenium.remote.service.DriverCommandExecutor.execute(DriverCommandExecutor.java:83)
	at org.openqa.selenium.remote.RemoteWebDriver.execute(RemoteWebDriver.java:552)
	at org.openqa.selenium.remote.RemoteWebElement.execute(RemoteWebElement.java:285)
	at org.openqa.selenium.remote.RemoteWebElement.click(RemoteWebElement.java:84)
	at sun.reflect.NativeMethodAccessorImpl.invoke0(Native Method)
	at sun.reflect.NativeMethodAccessorImpl.invoke(Unknown Source)
	at sun.reflect.DelegatingMethodAccessorImpl.invoke(Unknown Source)
	at java.lang.reflect.Method.invoke(Unknown Source)
	at org.openqa.selenium.support.pagefactory.internal.LocatingElementHandler.invoke(LocatingElementHandler.java:51)
	at com.sun.proxy.$Proxy15.click(Unknown Source)
	at com.kayak.utilities.BrowserUtilities.ufClick(BrowserUtilities.java:250)
	at com.kayak.POM.poKayakFlightsSearch.clearOrginAndDestinationCities(poKayakFlightsSearch.java:88)
	at com.kayak.stepdefinition.StepDefinitionForKayakFlightsSearch.remove_and_clear_the_selected_travel_Origin_and_Destination_Cities(StepDefinitionForKayakFlightsSearch.java:52)
	at sun.reflect.NativeMethodAccessorImpl.invoke0(Native Method)
	at sun.reflect.NativeMethodAccessorImpl.invoke(Unknown Source)
	at sun.reflect.DelegatingMethodAccessorImpl.invoke(Unknown Source)
	at java.lang.reflect.Method.invoke(Unknown Source)
	at org.testng.internal.MethodInvocationHelper.invokeMethod(MethodInvocationHelper.java:104)
	at org.testng.internal.Invoker.invokeMethod(Invoker.java:645)
	at org.testng.internal.Invoker.invokeTestMethod(Invoker.java:851)
	at org.testng.internal.Invoker.invokeTestMethods(Invoker.java:1177)
	at org.testng.internal.TestMethodWorker.invokeTestMethods(TestMethodWorker.java:129)
	at org.testng.internal.TestMethodWorker.run(TestMethodWorker.java:112)
	at org.testng.TestRunner.privateRun(TestRunner.java:756)
	at org.testng.TestRunner.run(TestRunner.java:610)
	at org.testng.SuiteRunner.runTest(SuiteRunner.java:387)
	at org.testng.SuiteRunner.runSequentially(SuiteRunner.java:382)
	at org.testng.SuiteRunner.privateRun(SuiteRunner.java:340)
	at org.testng.SuiteRunner.run(SuiteRunner.java:289)
	at org.testng.SuiteRunnerWorker.runSuite(SuiteRunnerWorker.java:52)
	at org.testng.SuiteRunnerWorker.run(SuiteRunnerWorker.java:86)
	at org.testng.TestNG.runSuitesSequentially(TestNG.java:1293)
	at org.testng.TestNG.runSuitesLocally(TestNG.java:1218)
	at org.testng.TestNG.runSuites(TestNG.java:1133)
	at org.testng.TestNG.run(TestNG.java:1104)
	at org.testng.remote.AbstractRemoteTestNG.run(AbstractRemoteTestNG.java:114)
	at org.testng.remote.RemoteTestNG.initAndRun(RemoteTestNG.java:251)
	at org.testng.remote.RemoteTestNG.main(RemoteTestNG.java:77)
]]>
    </error>
  </testcase> <!-- remove_and_clear_the_selected_travel_Origin_and_Destination_Cities -->
  <testcase name="login_into_Kayak_application" time="2.627" classname="com.kayak.stepdefinition.StepDefinitionForKayakFlightsSearch"/>
  <testcase name="click_on_Flights_menu_item_tab_for_Search_For_flights_page_to_appear" time="2.240" classname="com.kayak.stepdefinition.StepDefinitionForKayakFlightsSearch"/>
  <testcase name="enter_travel_Origin_and_Destination_Cities" time="0.000" classname="com.kayak.stepdefinition.StepDefinitionForKayakFlightsSearch">
    <skipped/>
  </testcase> <!-- enter_travel_Origin_and_Destination_Cities -->
</testsuite> <!-- com.kayak.stepdefinition.StepDefinitionForKayakFlightsSearch -->
